19:44:09 [main] ERROR  - manaf2
19:46:56 [main] ERROR  - logged in
19:53:23 [main] ERROR  - manaf2
19:53:23 [main] ERROR  - logged in
19:54:00 [main] ERROR  - manaf2
19:54:00 [main] ERROR  - signed out
19:54:00 [main] ERROR  - manaf2
19:54:00 [main] ERROR  - login failed
19:55:49 [main] ERROR  - manaf2
19:55:49 [main] ERROR  - logged in
19:55:51 [main] ERROR  - manaf2
19:55:51 [main] ERROR  - signed out
19:56:42 [main] ERROR  - manaf2
19:56:42 [main] ERROR  - logged in
19:56:44 [main] ERROR  - manaf2
19:56:44 [main] ERROR  - signed out
19:56:44 [main] ERROR  - manaf2
19:56:44 [main] ERROR  - login failed
19:57:24 [main] ERROR  - manaf2
19:57:24 [main] ERROR  - logged in
19:57:31 [main] ERROR  - manaf2
19:57:31 [main] ERROR  - signed out
19:57:54 [main] ERROR  - manaf2
19:57:54 [main] ERROR  - logged in
19:57:56 [main] ERROR  - manaf2
19:57:56 [main] ERROR  - signed out
19:57:56 [main] ERROR  - manaf2
19:57:56 [main] ERROR  - login failed
19:58:31 [main] ERROR  - manaf2
19:58:31 [main] ERROR  - logged in
19:58:36 [main] ERROR  - manaf2
19:58:36 [main] ERROR  - signed out
19:58:44 [main] ERROR  - sadas
19:58:44 [main] ERROR  - login failed
20:00:04 [main] ERROR  - manaf2
20:00:04 [main] ERROR  - logged in
20:00:06 [main] ERROR  - manaf2
20:00:06 [main] ERROR  - signed out
20:00:06 [main] ERROR  - manaf2
20:00:06 [main] ERROR  - login failed
20:00:23 [main] ERROR  - asdsds
20:00:23 [main] ERROR  - login failed
